<?xml version="1.0" encoding="UTF-8"?>
<testng-results ignored="0" total="6" passed="6" failed="0" skipped="0">
  <reporter-output>
  </reporter-output>
  <suite started-at="2024-12-09T11:38:33 IST" name="Default suite" finished-at="2024-12-09T11:39:43 IST" duration-ms="70691">
    <groups>
      <group name="cucumber">
        <method signature="AbstractTestNGCucumberTests.runScenario(io.cucumber.testng.PickleWrapper,io.cucumber.testng.FeatureWrapper)[pri:0, instance:GB_Webapp.TestRunner.Bangladesh@46944ca9]" name="runScenario" class="io.cucumber.testng.AbstractTestNGCucumberTests"/>
      </group> <!-- cucumber -->
    </groups>
    <test started-at="2024-12-09T11:38:33 IST" name="Default test" finished-at="2024-12-09T11:39:43 IST" duration-ms="70691">
      <class name="GB_Webapp.TestRunner.Bangladesh">
        <test-method is-config="true" signature="setUpClass(org.testng.ITestContext)[pri:0, instance:GB_Webapp.TestRunner.Bangladesh@46944ca9]" started-at="2024-12-09T11:38:33 IST" name="setUpClass" finished-at="2024-12-09T11:38:40 IST" duration-ms="6769" status="PASS">
          <params>
            <param index="0">
              <value>
                <![CDATA[org.testng.TestRunner@44ad3c5e]]>
              </value>
            </param>
          </params>
          <reporter-output>
          </reporter-output>
        </test-method> <!-- setUpClass -->
        <test-method signature="runScenario(io.cucumber.testng.PickleWrapper,io.cucumber.testng.FeatureWrapper)[pri:0, instance:GB_Webapp.TestRunner.Bangladesh@46944ca9]" started-at="2024-12-09T11:38:40 IST" name="runScenario" description="Runs Cucumber Scenarios" data-provider="scenarios" finished-at="2024-12-09T11:38:58 IST" duration-ms="18947" status="PASS">
          <params>
            <param index="0">
              <value>
                <![CDATA["TC_056 Successfully click on service icon"]]>
              </value>
            </param>
            <param index="1">
              <value>
                <![CDATA["Service"]]>
              </value>
            </param>
          </params>
          <reporter-output>
          </reporter-output>
        </test-method> <!-- runScenario -->
        <test-method signature="runScenario(io.cucumber.testng.PickleWrapper,io.cucumber.testng.FeatureWrapper)[pri:0, instance:GB_Webapp.TestRunner.Bangladesh@46944ca9]" started-at="2024-12-09T11:38:59 IST" name="runScenario" description="Runs Cucumber Scenarios" data-provider="scenarios" finished-at="2024-12-09T11:39:04 IST" duration-ms="5905" status="PASS">
          <params>
            <param index="0">
              <value>
                <![CDATA["TC_057 verify Close button under service icon"]]>
              </value>
            </param>
            <param index="1">
              <value>
                <![CDATA["Service"]]>
              </value>
            </param>
          </params>
          <reporter-output>
          </reporter-output>
        </test-method> <!-- runScenario -->
        <test-method signature="runScenario(io.cucumber.testng.PickleWrapper,io.cucumber.testng.FeatureWrapper)[pri:0, instance:GB_Webapp.TestRunner.Bangladesh@46944ca9]" started-at="2024-12-09T11:39:04 IST" name="runScenario" description="Runs Cucumber Scenarios" data-provider="scenarios" finished-at="2024-12-09T11:39:17 IST" duration-ms="12136" status="PASS">
          <params>
            <param index="0">
              <value>
                <![CDATA["TC_058 verify service and maintenance tips all information"]]>
              </value>
            </param>
            <param index="1">
              <value>
                <![CDATA["Service"]]>
              </value>
            </param>
          </params>
          <reporter-output>
          </reporter-output>
        </test-method> <!-- runScenario -->
        <test-method signature="runScenario(io.cucumber.testng.PickleWrapper,io.cucumber.testng.FeatureWrapper)[pri:0, instance:GB_Webapp.TestRunner.Bangladesh@46944ca9]" started-at="2024-12-09T11:39:17 IST" name="runScenario" description="Runs Cucumber Scenarios" data-provider="scenarios" finished-at="2024-12-09T11:39:36 IST" duration-ms="19480" status="PASS">
          <params>
            <param index="0">
              <value>
                <![CDATA["TC_059 verify pre ride inspection guide under two wheeler tips header icon"]]>
              </value>
            </param>
            <param index="1">
              <value>
                <![CDATA["Service"]]>
              </value>
            </param>
          </params>
          <reporter-output>
          </reporter-output>
        </test-method> <!-- runScenario -->
        <test-method signature="runScenario(io.cucumber.testng.PickleWrapper,io.cucumber.testng.FeatureWrapper)[pri:0, instance:GB_Webapp.TestRunner.Bangladesh@46944ca9]" started-at="2024-12-09T11:39:36 IST" name="runScenario" description="Runs Cucumber Scenarios" data-provider="scenarios" finished-at="2024-12-09T11:39:41 IST" duration-ms="4859" status="PASS">
          <params>
            <param index="0">
              <value>
                <![CDATA["TC_060 verify care and maintenance under two wheeler tips header icon"]]>
              </value>
            </param>
            <param index="1">
              <value>
                <![CDATA["Service"]]>
              </value>
            </param>
          </params>
          <reporter-output>
          </reporter-output>
        </test-method> <!-- runScenario -->
        <test-method signature="runScenario(io.cucumber.testng.PickleWrapper,io.cucumber.testng.FeatureWrapper)[pri:0, instance:GB_Webapp.TestRunner.Bangladesh@46944ca9]" started-at="2024-12-09T11:39:41 IST" name="runScenario" description="Runs Cucumber Scenarios" data-provider="scenarios" finished-at="2024-12-09T11:39:43 IST" duration-ms="1672" status="PASS">
          <params>
            <param index="0">
              <value>
                <![CDATA["TC_061 verify hero genuine parts"]]>
              </value>
            </param>
            <param index="1">
              <value>
                <![CDATA["Service"]]>
              </value>
            </param>
          </params>
          <reporter-output>
          </reporter-output>
        </test-method> <!-- runScenario -->
        <test-method is-config="true" signature="tearDownClass()[pri:0, instance:GB_Webapp.TestRunner.Bangladesh@46944ca9]" started-at="2024-12-09T11:39:43 IST" name="tearDownClass" finished-at="2024-12-09T11:39:43 IST" duration-ms="760" status="PASS">
          <reporter-output>
          </reporter-output>
        </test-method> <!-- tearDownClass -->
      </class> <!-- GB_Webapp.TestRunner.Bangladesh -->
    </test> <!-- Default test -->
  </suite> <!-- Default suite -->
</testng-results>
